{"level":"info","message":"Hello from acquisitions-api!","service":"acquisitions-api","timestamp":"2025-11-07T19:40:00.615Z"}
{"level":"info","message":"::1 - - [07/Nov/2025:19:40:00 +0000] \"GET / HTTP/1.1\" 304 - \"-\" \"Mozilla/5.0 (Windows NT 10.0; Win64; x64) AppleWebKit/537.36 (KHTML, like Gecko) Chrome/142.0.0.0 Safari/537.36 Edg/142.0.0.0\"","service":"acquisitions-api","timestamp":"2025-11-07T19:40:00.633Z"}
{"level":"info","message":"Hello from acquisitions-api!","service":"acquisitions-api","timestamp":"2025-11-07T19:40:22.497Z"}
{"level":"info","message":"::1 - - [07/Nov/2025:19:40:22 +0000] \"GET / HTTP/1.1\" 304 - \"-\" \"Mozilla/5.0 (Windows NT 10.0; Win64; x64) AppleWebKit/537.36 (KHTML, like Gecko) Chrome/142.0.0.0 Safari/537.36 Edg/142.0.0.0\"","service":"acquisitions-api","timestamp":"2025-11-07T19:40:22.513Z"}
{"level":"info","message":"Hello from acquisitions-api!","service":"acquisitions-api","timestamp":"2025-11-07T20:19:54.536Z"}
{"level":"info","message":"::1 - - [07/Nov/2025:20:19:54 +0000] \"GET / HTTP/1.1\" 304 - \"-\" \"Mozilla/5.0 (Windows NT 10.0; Win64; x64) AppleWebKit/537.36 (KHTML, like Gecko) Chrome/142.0.0.0 Safari/537.36 Edg/142.0.0.0\"","service":"acquisitions-api","timestamp":"2025-11-07T20:19:54.553Z"}
{"level":"info","message":"::1 - - [07/Nov/2025:20:20:00 +0000] \"GET /health HTTP/1.1\" 200 73 \"-\" \"Mozilla/5.0 (Windows NT 10.0; Win64; x64) AppleWebKit/537.36 (KHTML, like Gecko) Chrome/142.0.0.0 Safari/537.36 Edg/142.0.0.0\"","service":"acquisitions-api","timestamp":"2025-11-07T20:20:00.483Z"}
{"level":"info","message":"Hello from acquisitions-api!","service":"acquisitions-api","timestamp":"2025-11-07T20:38:20.354Z"}
{"level":"info","message":"::1 - - [07/Nov/2025:20:38:20 +0000] \"GET / HTTP/1.1\" 200 13 \"-\" \"PostmanRuntime/7.48.0\"","service":"acquisitions-api","timestamp":"2025-11-07T20:38:20.357Z"}
{"level":"info","message":"::1 - - [07/Nov/2025:20:38:41 +0000] \"GET /health HTTP/1.1\" 200 76 \"-\" \"PostmanRuntime/7.48.0\"","service":"acquisitions-api","timestamp":"2025-11-07T20:38:41.187Z"}
{"level":"info","message":"::1 - - [07/Nov/2025:20:39:21 +0000] \"GET /api HTTP/1.1\" 200 27 \"-\" \"PostmanRuntime/7.48.0\"","service":"acquisitions-api","timestamp":"2025-11-07T20:39:21.051Z"}
{"level":"info","message":"::1 - - [07/Nov/2025:20:39:54 +0000] \"POST /api/auth/sign-in HTTP/1.1\" 200 30 \"-\" \"PostmanRuntime/7.48.0\"","service":"acquisitions-api","timestamp":"2025-11-07T20:39:54.135Z"}
{"level":"info","message":"Hello from acquisitions-api!","service":"acquisitions-api","timestamp":"2025-11-08T16:46:04.350Z"}
{"level":"info","message":"::1 - - [08/Nov/2025:16:46:04 +0000] \"GET / HTTP/1.1\" 304 - \"-\" \"Mozilla/5.0 (Windows NT 10.0; Win64; x64) AppleWebKit/537.36 (KHTML, like Gecko) Chrome/142.0.0.0 Safari/537.36 Edg/142.0.0.0\"","service":"acquisitions-api","timestamp":"2025-11-08T16:46:04.373Z"}
{"level":"info","message":"::1 - - [08/Nov/2025:16:46:04 +0000] \"GET /favicon.ico HTTP/1.1\" 404 150 \"-\" \"Mozilla/5.0 (Windows NT 10.0; Win64; x64) AppleWebKit/537.36 (KHTML, like Gecko) Chrome/142.0.0.0 Safari/537.36 Edg/142.0.0.0\"","service":"acquisitions-api","timestamp":"2025-11-08T16:46:04.579Z"}
{"level":"info","message":"::1 - - [08/Nov/2025:16:46:36 +0000] \"POST / HTTP/1.1\" 404 140 \"-\" \"PostmanRuntime/7.50.0\"","service":"acquisitions-api","timestamp":"2025-11-08T16:46:36.150Z"}
{"level":"info","message":"::1 - - [08/Nov/2025:16:46:48 +0000] \"POST / HTTP/1.1\" 404 140 \"-\" \"PostmanRuntime/7.50.0\"","service":"acquisitions-api","timestamp":"2025-11-08T16:46:48.733Z"}
{"level":"info","message":"::1 - - [08/Nov/2025:16:46:58 +0000] \"POST /api/auth/sign-in HTTP/1.1\" 200 30 \"-\" \"PostmanRuntime/7.50.0\"","service":"acquisitions-api","timestamp":"2025-11-08T16:46:58.762Z"}
{"level":"info","message":"Hello from acquisitions-api!","service":"acquisitions-api","timestamp":"2025-11-08T16:47:09.131Z"}
{"level":"info","message":"::1 - - [08/Nov/2025:16:47:09 +0000] \"GET / HTTP/1.1\" 200 13 \"-\" \"PostmanRuntime/7.50.0\"","service":"acquisitions-api","timestamp":"2025-11-08T16:47:09.133Z"}
{"level":"info","message":"::1 - - [08/Nov/2025:18:19:38 +0000] \"POST /api/auth/sign-up HTTP/1.1\" 400 92 \"-\" \"PostmanRuntime/7.50.0\"","service":"acquisitions-api","timestamp":"2025-11-08T18:19:38.070Z"}
{"level":"info","message":"::1 - - [08/Nov/2025:18:21:35 +0000] \"POST /api/auth/sign-up HTTP/1.1\" 400 92 \"-\" \"PostmanRuntime/7.50.0\"","service":"acquisitions-api","timestamp":"2025-11-08T18:21:35.203Z"}
{"level":"info","message":"::1 - - [08/Nov/2025:18:22:07 +0000] \"POST /api/auth/sign-up HTTP/1.1\" 400 196 \"-\" \"PostmanRuntime/7.50.0\"","service":"acquisitions-api","timestamp":"2025-11-08T18:22:07.118Z"}
{"level":"info","message":"::1 - - [08/Nov/2025:18:22:54 +0000] \"POST /api/auth/sign-up HTTP/1.1\" 400 142 \"-\" \"PostmanRuntime/7.50.0\"","service":"acquisitions-api","timestamp":"2025-11-08T18:22:54.618Z"}
{"level":"info","message":"::1 - - [08/Nov/2025:18:23:06 +0000] \"POST /api/auth/sign-up HTTP/1.1\" 400 91 \"-\" \"PostmanRuntime/7.50.0\"","service":"acquisitions-api","timestamp":"2025-11-08T18:23:06.523Z"}
{"level":"info","message":"::1 - - [08/Nov/2025:18:23:11 +0000] \"POST /api/auth/sign-up HTTP/1.1\" 400 91 \"-\" \"PostmanRuntime/7.50.0\"","service":"acquisitions-api","timestamp":"2025-11-08T18:23:11.310Z"}
{"level":"info","message":"::1 - - [08/Nov/2025:18:23:29 +0000] \"POST /api/auth/sign-up HTTP/1.1\" 400 92 \"-\" \"PostmanRuntime/7.50.0\"","service":"acquisitions-api","timestamp":"2025-11-08T18:23:29.197Z"}
{"level":"info","message":"::1 - - [08/Nov/2025:18:24:36 +0000] \"POST /api/auth/sign-up HTTP/1.1\" 400 92 \"-\" \"PostmanRuntime/7.50.0\"","service":"acquisitions-api","timestamp":"2025-11-08T18:24:36.748Z"}
{"level":"info","message":"::1 - - [08/Nov/2025:18:25:15 +0000] \"POST /api/auth/sign-up?email=jha@gmail.com&name=usernotfound&password=1234567 HTTP/1.1\" 400 92 \"-\" \"PostmanRuntime/7.50.0\"","service":"acquisitions-api","timestamp":"2025-11-08T18:25:15.194Z"}
{"level":"info","message":"::1 - - [08/Nov/2025:18:29:13 +0000] \"POST /api/auth/sign-up HTTP/1.1\" 400 92 \"-\" \"PostmanRuntime/7.50.0\"","service":"acquisitions-api","timestamp":"2025-11-08T18:29:13.960Z"}
{"level":"info","message":"Signing up user with email: pranay@example.com","service":"acquisitions-api","timestamp":"2025-11-08T18:29:26.857Z"}
{"level":"info","message":"::1 - - [08/Nov/2025:18:29:26 +0000] \"POST /api/auth/sign-up HTTP/1.1\" 201 126 \"-\" \"PostmanRuntime/7.50.0\"","service":"acquisitions-api","timestamp":"2025-11-08T18:29:26.862Z"}
{"level":"info","message":"Hello from acquisitions-api!","service":"acquisitions-api","timestamp":"2025-11-09T09:37:50.882Z"}
{"level":"info","message":"::1 - - [09/Nov/2025:09:37:50 +0000] \"GET / HTTP/1.1\" 304 - \"-\" \"Mozilla/5.0 (Windows NT 10.0; Win64; x64) AppleWebKit/537.36 (KHTML, like Gecko) Chrome/142.0.0.0 Safari/537.36 Edg/142.0.0.0\"","service":"acquisitions-api","timestamp":"2025-11-09T09:37:50.923Z"}
{"level":"info","message":"::1 - - [09/Nov/2025:09:37:51 +0000] \"GET /favicon.ico HTTP/1.1\" 404 150 \"-\" \"Mozilla/5.0 (Windows NT 10.0; Win64; x64) AppleWebKit/537.36 (KHTML, like Gecko) Chrome/142.0.0.0 Safari/537.36 Edg/142.0.0.0\"","service":"acquisitions-api","timestamp":"2025-11-09T09:37:51.116Z"}
{"level":"info","message":"Signing up user with email: pranay@example.com","service":"acquisitions-api","timestamp":"2025-11-09T09:40:15.974Z"}
{"level":"info","message":"::1 - - [09/Nov/2025:09:40:15 +0000] \"POST /api/auth/sign-up HTTP/1.1\" 201 126 \"-\" \"PostmanRuntime/7.50.0\"","service":"acquisitions-api","timestamp":"2025-11-09T09:40:15.977Z"}
{"level":"info","message":"New user created with email: pranay@example.com","service":"acquisitions-api","timestamp":"2025-11-09T10:12:01.006Z"}
{"level":"error","message":"Error in signUp controller: jwttoken is not defined","service":"acquisitions-api","stack":"ReferenceError: jwttoken is not defined\n    at signUp (file:///C:/Users/prana/OneDrive/Desktop/DevOps/DevOpsCombine/src/controllers/auth.controller.js:22:19)\n    at process.processTicksAndRejections (node:internal/process/task_queues:105:5)","timestamp":"2025-11-09T10:12:01.013Z"}
{"level":"info","message":"::1 - - [09/Nov/2025:10:12:01 +0000] \"POST /api/auth/sign-up HTTP/1.1\" 500 393 \"-\" \"PostmanRuntime/7.50.0\"","service":"acquisitions-api","timestamp":"2025-11-09T10:12:01.023Z"}
{"level":"error","message":"Error creating the user: Error: Failed query: insert into \"users\" (\"id\", \"name\", \"email\", \"password\", \"role\", \"created_at\", \"updated_at\") values (default, $1, $2, $3, $4, default, default) returning \"id\", \"name\", \"email\", \"role\", \"created_at\"\nparams: Pranay Kumar Jha,pranay@example.com,$2b$10$c..Bi45xwW/ujRLAmRxvV.B77U1E7U3pG0S2nowwDHNuiDXzemrCu,user","service":"acquisitions-api","timestamp":"2025-11-09T10:13:23.364Z"}
{"level":"error","message":"Error in signUp controller: Error: Failed query: insert into \"users\" (\"id\", \"name\", \"email\", \"password\", \"role\", \"created_at\", \"updated_at\") values (default, $1, $2, $3, $4, default, default) returning \"id\", \"name\", \"email\", \"role\", \"created_at\"\nparams: Pranay Kumar Jha,pranay@example.com,$2b$10$c..Bi45xwW/ujRLAmRxvV.B77U1E7U3pG0S2nowwDHNuiDXzemrCu,user","service":"acquisitions-api","timestamp":"2025-11-09T10:13:23.369Z"}
{"level":"info","message":"::1 - - [09/Nov/2025:10:13:23 +0000] \"POST /api/auth/sign-up HTTP/1.1\" 500 1296 \"-\" \"PostmanRuntime/7.50.0\"","service":"acquisitions-api","timestamp":"2025-11-09T10:13:23.378Z"}
{"level":"error","message":"Error creating the user: Error: Failed query: insert into \"users\" (\"id\", \"name\", \"email\", \"password\", \"role\", \"created_at\", \"updated_at\") values (default, $1, $2, $3, $4, default, default) returning \"id\", \"name\", \"email\", \"role\", \"created_at\"\nparams: Pranay Kumar Jha,pranay@example.com,$2b$10$9SAo55OFTuCJ6CbqQhXxx.gb6oQEhdbKjxZTzI7oMjF4Q/1OTittW,user","service":"acquisitions-api","timestamp":"2025-11-09T10:13:54.194Z"}
{"level":"error","message":"Error in signUp controller: Error: Failed query: insert into \"users\" (\"id\", \"name\", \"email\", \"password\", \"role\", \"created_at\", \"updated_at\") values (default, $1, $2, $3, $4, default, default) returning \"id\", \"name\", \"email\", \"role\", \"created_at\"\nparams: Pranay Kumar Jha,pranay@example.com,$2b$10$9SAo55OFTuCJ6CbqQhXxx.gb6oQEhdbKjxZTzI7oMjF4Q/1OTittW,user","service":"acquisitions-api","timestamp":"2025-11-09T10:13:54.200Z"}
{"level":"info","message":"::1 - - [09/Nov/2025:10:13:54 +0000] \"POST /api/auth/sign-up HTTP/1.1\" 500 1296 \"-\" \"PostmanRuntime/7.50.0\"","service":"acquisitions-api","timestamp":"2025-11-09T10:13:54.209Z"}
{"level":"error","message":"Error creating the user: Error: Failed query: insert into \"users\" (\"id\", \"name\", \"email\", \"password\", \"role\", \"created_at\", \"updated_at\") values (default, $1, $2, $3, $4, default, default) returning \"id\", \"name\", \"email\", \"role\", \"created_at\"\nparams: Pranay Kumar Jha,pranay@example.com,$2b$10$MU3JaoWeJl6gejiERzVnaeH30ftDei2gr2GzZpDDC8LV4pxAjFRzu,user","service":"acquisitions-api","timestamp":"2025-11-09T10:15:36.024Z"}
{"cause":{"code":"23505","constraint":"users_email_unique","detail":"Key (email)=(pranay@example.com) already exists.","file":"nbtinsert.c","line":"667","name":"NeonDbError","routine":"_bt_check_unique","schema":"public","severity":"ERROR","table":"users"},"level":"error","message":"Error in signUp controller: Failed query: insert into \"users\" (\"id\", \"name\", \"email\", \"password\", \"role\", \"created_at\", \"updated_at\") values (default, $1, $2, $3, $4, default, default) returning \"id\", \"name\", \"email\", \"role\", \"created_at\"\nparams: Pranay Kumar Jha,pranay@example.com,$2b$10$MU3JaoWeJl6gejiERzVnaeH30ftDei2gr2GzZpDDC8LV4pxAjFRzu,user","params":["Pranay Kumar Jha","pranay@example.com","$2b$10$MU3JaoWeJl6gejiERzVnaeH30ftDei2gr2GzZpDDC8LV4pxAjFRzu","user"],"query":"insert into \"users\" (\"id\", \"name\", \"email\", \"password\", \"role\", \"created_at\", \"updated_at\") values (default, $1, $2, $3, $4, default, default) returning \"id\", \"name\", \"email\", \"role\", \"created_at\"","service":"acquisitions-api","stack":"Error: Failed query: insert into \"users\" (\"id\", \"name\", \"email\", \"password\", \"role\", \"created_at\", \"updated_at\") values (default, $1, $2, $3, $4, default, default) returning \"id\", \"name\", \"email\", \"role\", \"created_at\"\nparams: Pranay Kumar Jha,pranay@example.com,$2b$10$MU3JaoWeJl6gejiERzVnaeH30ftDei2gr2GzZpDDC8LV4pxAjFRzu,user\n    at NeonHttpPreparedQuery.queryWithCache (file:///C:/Users/prana/OneDrive/Desktop/DevOps/DevOpsCombine/node_modules/drizzle-orm/pg-core/session.js:41:15)\n    at process.processTicksAndRejections (node:internal/process/task_queues:105:5)\n    at async NeonHttpPreparedQuery.execute (file:///C:/Users/prana/OneDrive/Desktop/DevOps/DevOpsCombine/node_modules/drizzle-orm/neon-http/session.js:45:20)\n    at async createUser (file:///C:/Users/prana/OneDrive/Desktop/DevOps/DevOpsCombine/src/services/auth.service.js:23:27)\n    at async signUp (file:///C:/Users/prana/OneDrive/Desktop/DevOps/DevOpsCombine/src/controllers/auth.controller.js:20:18)","timestamp":"2025-11-09T10:15:36.030Z"}
{"level":"info","message":"::1 - - [09/Nov/2025:10:15:36 +0000] \"POST /api/auth/sign-up HTTP/1.1\" 500 1296 \"-\" \"PostmanRuntime/7.50.0\"","service":"acquisitions-api","timestamp":"2025-11-09T10:15:36.040Z"}
{"level":"error","message":"Error creating the user: Error: Failed query: insert into \"users\" (\"id\", \"name\", \"email\", \"password\", \"role\", \"created_at\", \"updated_at\") values (default, $1, $2, $3, $4, default, default) returning \"id\", \"name\", \"email\", \"role\", \"created_at\"\nparams: Pranay Kumar Jha,pranay@example.com,$2b$10$dEsCEjVz98Nt0LnFOGdpquZ8annemC9GEf6IemHxwcRFtP8zG.iXe,user","service":"acquisitions-api","timestamp":"2025-11-09T10:16:07.521Z"}
{"cause":{"code":"23505","constraint":"users_email_unique","detail":"Key (email)=(pranay@example.com) already exists.","file":"nbtinsert.c","line":"667","name":"NeonDbError","routine":"_bt_check_unique","schema":"public","severity":"ERROR","table":"users"},"level":"error","message":"Error in signUp controller: Failed query: insert into \"users\" (\"id\", \"name\", \"email\", \"password\", \"role\", \"created_at\", \"updated_at\") values (default, $1, $2, $3, $4, default, default) returning \"id\", \"name\", \"email\", \"role\", \"created_at\"\nparams: Pranay Kumar Jha,pranay@example.com,$2b$10$dEsCEjVz98Nt0LnFOGdpquZ8annemC9GEf6IemHxwcRFtP8zG.iXe,user","params":["Pranay Kumar Jha","pranay@example.com","$2b$10$dEsCEjVz98Nt0LnFOGdpquZ8annemC9GEf6IemHxwcRFtP8zG.iXe","user"],"query":"insert into \"users\" (\"id\", \"name\", \"email\", \"password\", \"role\", \"created_at\", \"updated_at\") values (default, $1, $2, $3, $4, default, default) returning \"id\", \"name\", \"email\", \"role\", \"created_at\"","service":"acquisitions-api","stack":"Error: Failed query: insert into \"users\" (\"id\", \"name\", \"email\", \"password\", \"role\", \"created_at\", \"updated_at\") values (default, $1, $2, $3, $4, default, default) returning \"id\", \"name\", \"email\", \"role\", \"created_at\"\nparams: Pranay Kumar Jha,pranay@example.com,$2b$10$dEsCEjVz98Nt0LnFOGdpquZ8annemC9GEf6IemHxwcRFtP8zG.iXe,user\n    at NeonHttpPreparedQuery.queryWithCache (file:///C:/Users/prana/OneDrive/Desktop/DevOps/DevOpsCombine/node_modules/drizzle-orm/pg-core/session.js:41:15)\n    at process.processTicksAndRejections (node:internal/process/task_queues:105:5)\n    at async NeonHttpPreparedQuery.execute (file:///C:/Users/prana/OneDrive/Desktop/DevOps/DevOpsCombine/node_modules/drizzle-orm/neon-http/session.js:45:20)\n    at async createUser (file:///C:/Users/prana/OneDrive/Desktop/DevOps/DevOpsCombine/src/services/auth.service.js:23:27)\n    at async signUp (file:///C:/Users/prana/OneDrive/Desktop/DevOps/DevOpsCombine/src/controllers/auth.controller.js:20:18)","timestamp":"2025-11-09T10:16:07.528Z"}
{"level":"info","message":"::1 - - [09/Nov/2025:10:16:07 +0000] \"POST /api/auth/sign-up HTTP/1.1\" 500 1296 \"-\" \"PostmanRuntime/7.50.0\"","service":"acquisitions-api","timestamp":"2025-11-09T10:16:07.538Z"}
{"level":"info","message":"New user created with email: prany@example.com","service":"acquisitions-api","timestamp":"2025-11-09T10:16:48.846Z"}
{"level":"error","message":"Error in signUp controller: jwttoken is not defined","service":"acquisitions-api","stack":"ReferenceError: jwttoken is not defined\n    at signUp (file:///C:/Users/prana/OneDrive/Desktop/DevOps/DevOpsCombine/src/controllers/auth.controller.js:22:19)\n    at process.processTicksAndRejections (node:internal/process/task_queues:105:5)","timestamp":"2025-11-09T10:16:48.847Z"}
{"level":"info","message":"::1 - - [09/Nov/2025:10:16:48 +0000] \"POST /api/auth/sign-up HTTP/1.1\" 500 393 \"-\" \"PostmanRuntime/7.50.0\"","service":"acquisitions-api","timestamp":"2025-11-09T10:16:48.849Z"}
{"level":"error","message":"Error creating the user: Error: Failed query: insert into \"users\" (\"id\", \"name\", \"email\", \"password\", \"role\", \"created_at\", \"updated_at\") values (default, $1, $2, $3, $4, default, default) returning \"id\", \"name\", \"email\", \"role\", \"created_at\"\nparams: Pranay Kumar Jha,prany@example.com,$2b$10$n0GNoZwgfC1QNLC6YoZHQeIrhYCBuSmgixrpTI8n1aHgV4T4bzJay,user","service":"acquisitions-api","timestamp":"2025-11-09T10:17:29.909Z"}
{"cause":{"code":"23505","constraint":"users_email_unique","detail":"Key (email)=(prany@example.com) already exists.","file":"nbtinsert.c","line":"667","name":"NeonDbError","routine":"_bt_check_unique","schema":"public","severity":"ERROR","table":"users"},"level":"error","message":"Error in signUp controller: Failed query: insert into \"users\" (\"id\", \"name\", \"email\", \"password\", \"role\", \"created_at\", \"updated_at\") values (default, $1, $2, $3, $4, default, default) returning \"id\", \"name\", \"email\", \"role\", \"created_at\"\nparams: Pranay Kumar Jha,prany@example.com,$2b$10$n0GNoZwgfC1QNLC6YoZHQeIrhYCBuSmgixrpTI8n1aHgV4T4bzJay,user","params":["Pranay Kumar Jha","prany@example.com","$2b$10$n0GNoZwgfC1QNLC6YoZHQeIrhYCBuSmgixrpTI8n1aHgV4T4bzJay","user"],"query":"insert into \"users\" (\"id\", \"name\", \"email\", \"password\", \"role\", \"created_at\", \"updated_at\") values (default, $1, $2, $3, $4, default, default) returning \"id\", \"name\", \"email\", \"role\", \"created_at\"","service":"acquisitions-api","stack":"Error: Failed query: insert into \"users\" (\"id\", \"name\", \"email\", \"password\", \"role\", \"created_at\", \"updated_at\") values (default, $1, $2, $3, $4, default, default) returning \"id\", \"name\", \"email\", \"role\", \"created_at\"\nparams: Pranay Kumar Jha,prany@example.com,$2b$10$n0GNoZwgfC1QNLC6YoZHQeIrhYCBuSmgixrpTI8n1aHgV4T4bzJay,user\n    at NeonHttpPreparedQuery.queryWithCache (file:///C:/Users/prana/OneDrive/Desktop/DevOps/DevOpsCombine/node_modules/drizzle-orm/pg-core/session.js:41:15)\n    at process.processTicksAndRejections (node:internal/process/task_queues:105:5)\n    at async NeonHttpPreparedQuery.execute (file:///C:/Users/prana/OneDrive/Desktop/DevOps/DevOpsCombine/node_modules/drizzle-orm/neon-http/session.js:45:20)\n    at async createUser (file:///C:/Users/prana/OneDrive/Desktop/DevOps/DevOpsCombine/src/services/auth.service.js:23:27)\n    at async signUp (file:///C:/Users/prana/OneDrive/Desktop/DevOps/DevOpsCombine/src/controllers/auth.controller.js:22:18)","timestamp":"2025-11-09T10:17:29.915Z"}
{"level":"info","message":"::1 - - [09/Nov/2025:10:17:29 +0000] \"POST /api/auth/sign-up HTTP/1.1\" 500 1295 \"-\" \"PostmanRuntime/7.50.0\"","service":"acquisitions-api","timestamp":"2025-11-09T10:17:29.925Z"}
{"level":"info","message":"New user created with email: pany@example.com","service":"acquisitions-api","timestamp":"2025-11-09T10:17:36.975Z"}
{"level":"error","message":"Error in signUp controller: jwttoken is not defined","service":"acquisitions-api","stack":"ReferenceError: jwttoken is not defined\n    at signUp (file:///C:/Users/prana/OneDrive/Desktop/DevOps/DevOpsCombine/src/controllers/auth.controller.js:24:19)\n    at process.processTicksAndRejections (node:internal/process/task_queues:105:5)","timestamp":"2025-11-09T10:17:36.976Z"}
{"level":"info","message":"::1 - - [09/Nov/2025:10:17:36 +0000] \"POST /api/auth/sign-up HTTP/1.1\" 500 393 \"-\" \"PostmanRuntime/7.50.0\"","service":"acquisitions-api","timestamp":"2025-11-09T10:17:36.978Z"}
{"level":"error","message":"Error creating the user: Error: Failed query: insert into \"users\" (\"id\", \"name\", \"email\", \"password\", \"role\", \"created_at\", \"updated_at\") values (default, $1, $2, $3, $4, default, default) returning \"id\", \"name\", \"email\", \"role\", \"created_at\"\nparams: Pranay Kumar Jha,pany@example.com,$2b$10$dJA15ZY/5nFpm5ob.BpNYOMuA.WUesYJiO4oUvcTt65qAM45.uXii,user","service":"acquisitions-api","timestamp":"2025-11-09T10:20:02.824Z"}
{"cause":{"code":"23505","constraint":"users_email_unique","detail":"Key (email)=(pany@example.com) already exists.","file":"nbtinsert.c","line":"667","name":"NeonDbError","routine":"_bt_check_unique","schema":"public","severity":"ERROR","table":"users"},"level":"error","message":"Error in signUp controller: Failed query: insert into \"users\" (\"id\", \"name\", \"email\", \"password\", \"role\", \"created_at\", \"updated_at\") values (default, $1, $2, $3, $4, default, default) returning \"id\", \"name\", \"email\", \"role\", \"created_at\"\nparams: Pranay Kumar Jha,pany@example.com,$2b$10$dJA15ZY/5nFpm5ob.BpNYOMuA.WUesYJiO4oUvcTt65qAM45.uXii,user","params":["Pranay Kumar Jha","pany@example.com","$2b$10$dJA15ZY/5nFpm5ob.BpNYOMuA.WUesYJiO4oUvcTt65qAM45.uXii","user"],"query":"insert into \"users\" (\"id\", \"name\", \"email\", \"password\", \"role\", \"created_at\", \"updated_at\") values (default, $1, $2, $3, $4, default, default) returning \"id\", \"name\", \"email\", \"role\", \"created_at\"","service":"acquisitions-api","stack":"Error: Failed query: insert into \"users\" (\"id\", \"name\", \"email\", \"password\", \"role\", \"created_at\", \"updated_at\") values (default, $1, $2, $3, $4, default, default) returning \"id\", \"name\", \"email\", \"role\", \"created_at\"\nparams: Pranay Kumar Jha,pany@example.com,$2b$10$dJA15ZY/5nFpm5ob.BpNYOMuA.WUesYJiO4oUvcTt65qAM45.uXii,user\n    at NeonHttpPreparedQuery.queryWithCache (file:///C:/Users/prana/OneDrive/Desktop/DevOps/DevOpsCombine/node_modules/drizzle-orm/pg-core/session.js:41:15)\n    at process.processTicksAndRejections (node:internal/process/task_queues:105:5)\n    at async NeonHttpPreparedQuery.execute (file:///C:/Users/prana/OneDrive/Desktop/DevOps/DevOpsCombine/node_modules/drizzle-orm/neon-http/session.js:45:20)\n    at async createUser (file:///C:/Users/prana/OneDrive/Desktop/DevOps/DevOpsCombine/src/services/auth.service.js:23:27)\n    at async signUp (file:///C:/Users/prana/OneDrive/Desktop/DevOps/DevOpsCombine/src/controllers/auth.controller.js:22:18)","timestamp":"2025-11-09T10:20:02.833Z"}
{"level":"info","message":"::1 - - [09/Nov/2025:10:20:02 +0000] \"POST /api/auth/sign-up HTTP/1.1\" 500 1294 \"-\" \"PostmanRuntime/7.50.0\"","service":"acquisitions-api","timestamp":"2025-11-09T10:20:02.843Z"}
{"level":"info","message":"New user created with email: payny@example.com","service":"acquisitions-api","timestamp":"2025-11-09T10:20:08.511Z"}
{"level":"error","message":"Error in signUp controller: cookies is not defined","service":"acquisitions-api","stack":"ReferenceError: cookies is not defined\n    at signUp (file:///C:/Users/prana/OneDrive/Desktop/DevOps/DevOpsCombine/src/controllers/auth.controller.js:33:1)\n    at process.processTicksAndRejections (node:internal/process/task_queues:105:5)","timestamp":"2025-11-09T10:20:08.528Z"}
{"level":"info","message":"::1 - - [09/Nov/2025:10:20:08 +0000] \"POST /api/auth/sign-up HTTP/1.1\" 500 391 \"-\" \"PostmanRuntime/7.50.0\"","service":"acquisitions-api","timestamp":"2025-11-09T10:20:08.531Z"}
{"level":"info","message":"New user created with email: pafyny@example.com","service":"acquisitions-api","timestamp":"2025-11-09T10:23:18.838Z"}
{"level":"info","message":"Signing up user with email: pafyny@example.com","service":"acquisitions-api","timestamp":"2025-11-09T10:23:18.850Z"}
{"level":"info","message":"::1 - - [09/Nov/2025:10:23:18 +0000] \"POST /api/auth/sign-up HTTP/1.1\" 201 127 \"-\" \"PostmanRuntime/7.50.0\"","service":"acquisitions-api","timestamp":"2025-11-09T10:23:18.860Z"}
{"level":"info","message":"New user created with email: zafyny@example.com","service":"acquisitions-api","timestamp":"2025-11-09T10:23:30.686Z"}
{"level":"info","message":"Signing up user with email: zafyny@example.com","service":"acquisitions-api","timestamp":"2025-11-09T10:23:30.689Z"}
{"level":"info","message":"::1 - - [09/Nov/2025:10:23:30 +0000] \"POST /api/auth/sign-up HTTP/1.1\" 201 127 \"-\" \"PostmanRuntime/7.50.0\"","service":"acquisitions-api","timestamp":"2025-11-09T10:23:30.692Z"}
{"ip":"::1","level":"warn","message":"Bot request blocked","path":"/health","service":"acquisitions-api","timestamp":"2025-11-09T14:29:45.890Z","userAgent":"PostmanRuntime/7.50.0"}
{"level":"info","message":"::1 - - [09/Nov/2025:14:29:45 +0000] \"GET /health HTTP/1.1\" 403 68 \"-\" \"PostmanRuntime/7.50.0\"","service":"acquisitions-api","timestamp":"2025-11-09T14:29:45.917Z"}
{"ip":"::1","level":"warn","message":"Bot request blocked","path":"/health","service":"acquisitions-api","timestamp":"2025-11-09T14:30:18.813Z","userAgent":"PostmanRuntime/7.50.0"}
{"level":"info","message":"::1 - - [09/Nov/2025:14:30:18 +0000] \"GET /health HTTP/1.1\" 403 68 \"-\" \"PostmanRuntime/7.50.0\"","service":"acquisitions-api","timestamp":"2025-11-09T14:30:18.837Z"}
{"ip":"::1","level":"warn","message":"Bot request blocked","path":"/health","service":"acquisitions-api","timestamp":"2025-11-09T14:30:30.362Z","userAgent":"PostmanRuntime/7.50.0"}
{"level":"info","message":"::1 - - [09/Nov/2025:14:30:30 +0000] \"GET /health HTTP/1.1\" 403 68 \"-\" \"PostmanRuntime/7.50.0\"","service":"acquisitions-api","timestamp":"2025-11-09T14:30:30.366Z"}
{"ip":"::1","level":"warn","message":"Bot request blocked","path":"/health","service":"acquisitions-api","timestamp":"2025-11-09T14:30:55.558Z","userAgent":"PostmanRuntime/7.50.0"}
{"level":"info","message":"::1 - - [09/Nov/2025:14:30:55 +0000] \"GET /health HTTP/1.1\" 403 68 \"-\" \"PostmanRuntime/7.50.0\"","service":"acquisitions-api","timestamp":"2025-11-09T14:30:55.561Z"}
{"ip":"::1","level":"warn","message":"Bot request blocked","path":"/health","service":"acquisitions-api","timestamp":"2025-11-09T14:31:23.317Z","userAgent":"PostmanRuntime/7.50.0"}
{"level":"info","message":"::1 - - [09/Nov/2025:14:31:23 +0000] \"GET /health HTTP/1.1\" 403 68 \"-\" \"PostmanRuntime/7.50.0\"","service":"acquisitions-api","timestamp":"2025-11-09T14:31:23.320Z"}
{"level":"info","message":"Hello from acquisitions-api!","service":"acquisitions-api","timestamp":"2025-11-09T18:13:32.880Z"}
{"level":"info","message":"::1 - - [09/Nov/2025:18:13:32 +0000] \"GET / HTTP/1.1\" 304 - \"-\" \"Mozilla/5.0 (Windows NT 10.0; Win64; x64) AppleWebKit/537.36 (KHTML, like Gecko) Chrome/142.0.0.0 Safari/537.36 Edg/142.0.0.0\"","service":"acquisitions-api","timestamp":"2025-11-09T18:13:32.899Z"}
{"level":"info","message":"::1 - - [09/Nov/2025:18:13:33 +0000] \"GET /favicon.ico HTTP/1.1\" 404 150 \"-\" \"Mozilla/5.0 (Windows NT 10.0; Win64; x64) AppleWebKit/537.36 (KHTML, like Gecko) Chrome/142.0.0.0 Safari/537.36 Edg/142.0.0.0\"","service":"acquisitions-api","timestamp":"2025-11-09T18:13:33.184Z"}
{"level":"info","message":"Hello from acquisitions-api!","service":"acquisitions-api","timestamp":"2025-11-10T10:15:17.343Z"}
{"level":"info","message":"::1 - - [10/Nov/2025:10:15:17 +0000] \"GET / HTTP/1.1\" 304 - \"-\" \"Mozilla/5.0 (Windows NT 10.0; Win64; x64) AppleWebKit/537.36 (KHTML, like Gecko) Chrome/142.0.0.0 Safari/537.36 Edg/142.0.0.0\"","service":"acquisitions-api","timestamp":"2025-11-10T10:15:17.363Z"}
{"level":"info","message":"::1 - - [10/Nov/2025:10:15:17 +0000] \"GET /favicon.ico HTTP/1.1\" 404 150 \"-\" \"Mozilla/5.0 (Windows NT 10.0; Win64; x64) AppleWebKit/537.36 (KHTML, like Gecko) Chrome/142.0.0.0 Safari/537.36 Edg/142.0.0.0\"","service":"acquisitions-api","timestamp":"2025-11-10T10:15:17.784Z"}
{"level":"info","message":"::1 - - [10/Nov/2025:11:03:28 +0000] \"GET /health HTTP/1.1\" 200 75 \"-\" \"-\"","service":"acquisitions-api","timestamp":"2025-11-10T11:03:28.364Z"}
{"level":"info","message":"::1 - - [10/Nov/2025:11:03:58 +0000] \"GET /health HTTP/1.1\" 200 76 \"-\" \"-\"","service":"acquisitions-api","timestamp":"2025-11-10T11:03:58.774Z"}
{"level":"info","message":"Fetching all users","service":"acquisitions-api","timestamp":"2025-11-10T11:04:16.885Z"}
{"level":"info","message":"::ffff:172.19.0.1 - - [10/Nov/2025:11:04:17 +0000] \"GET /api/users HTTP/1.1\" 200 1007 \"-\" \"Mozilla/5.0 (Windows NT 10.0; Win64; x64) AppleWebKit/537.36 (KHTML, like Gecko) Chrome/142.0.0.0 Safari/537.36 Edg/142.0.0.0\"","service":"acquisitions-api","timestamp":"2025-11-10T11:04:17.549Z"}
{"level":"info","message":"::1 - - [10/Nov/2025:11:04:29 +0000] \"GET /health HTTP/1.1\" 200 76 \"-\" \"-\"","service":"acquisitions-api","timestamp":"2025-11-10T11:04:29.180Z"}
{"level":"info","message":"::1 - - [10/Nov/2025:11:04:59 +0000] \"GET /health HTTP/1.1\" 200 75 \"-\" \"-\"","service":"acquisitions-api","timestamp":"2025-11-10T11:04:59.539Z"}
{"level":"info","message":"::1 - - [10/Nov/2025:11:05:29 +0000] \"GET /health HTTP/1.1\" 200 76 \"-\" \"-\"","service":"acquisitions-api","timestamp":"2025-11-10T11:05:29.914Z"}
{"level":"info","message":"::1 - - [10/Nov/2025:11:06:00 +0000] \"GET /health HTTP/1.1\" 200 77 \"-\" \"-\"","service":"acquisitions-api","timestamp":"2025-11-10T11:06:00.319Z"}
{"level":"info","message":"::1 - - [10/Nov/2025:11:06:30 +0000] \"GET /health HTTP/1.1\" 200 77 \"-\" \"-\"","service":"acquisitions-api","timestamp":"2025-11-10T11:06:30.719Z"}
{"level":"info","message":"::1 - - [10/Nov/2025:11:07:01 +0000] \"GET /health HTTP/1.1\" 200 77 \"-\" \"-\"","service":"acquisitions-api","timestamp":"2025-11-10T11:07:01.154Z"}
{"level":"info","message":"::1 - - [10/Nov/2025:11:07:31 +0000] \"GET /health HTTP/1.1\" 200 77 \"-\" \"-\"","service":"acquisitions-api","timestamp":"2025-11-10T11:07:31.588Z"}
{"level":"info","message":"::1 - - [10/Nov/2025:11:08:01 +0000] \"GET /health HTTP/1.1\" 200 77 \"-\" \"-\"","service":"acquisitions-api","timestamp":"2025-11-10T11:08:01.951Z"}
{"level":"info","message":"::1 - - [10/Nov/2025:11:08:32 +0000] \"GET /health HTTP/1.1\" 200 77 \"-\" \"-\"","service":"acquisitions-api","timestamp":"2025-11-10T11:08:32.338Z"}
{"level":"info","message":"::1 - - [10/Nov/2025:11:09:02 +0000] \"GET /health HTTP/1.1\" 200 77 \"-\" \"-\"","service":"acquisitions-api","timestamp":"2025-11-10T11:09:02.744Z"}
{"level":"info","message":"::1 - - [10/Nov/2025:11:09:33 +0000] \"GET /health HTTP/1.1\" 200 77 \"-\" \"-\"","service":"acquisitions-api","timestamp":"2025-11-10T11:09:33.168Z"}
{"level":"info","message":"::1 - - [10/Nov/2025:11:10:03 +0000] \"GET /health HTTP/1.1\" 200 76 \"-\" \"-\"","service":"acquisitions-api","timestamp":"2025-11-10T11:10:03.536Z"}
{"level":"info","message":"::1 - - [10/Nov/2025:11:10:33 +0000] \"GET /health HTTP/1.1\" 200 77 \"-\" \"-\"","service":"acquisitions-api","timestamp":"2025-11-10T11:10:33.903Z"}
{"level":"info","message":"::1 - - [10/Nov/2025:11:11:04 +0000] \"GET /health HTTP/1.1\" 200 76 \"-\" \"-\"","service":"acquisitions-api","timestamp":"2025-11-10T11:11:04.314Z"}
{"level":"info","message":"::1 - - [10/Nov/2025:11:11:34 +0000] \"GET /health HTTP/1.1\" 200 77 \"-\" \"-\"","service":"acquisitions-api","timestamp":"2025-11-10T11:11:34.706Z"}
{"level":"info","message":"::1 - - [10/Nov/2025:11:12:05 +0000] \"GET /health HTTP/1.1\" 200 77 \"-\" \"-\"","service":"acquisitions-api","timestamp":"2025-11-10T11:12:05.102Z"}
{"level":"info","message":"::1 - - [10/Nov/2025:11:12:35 +0000] \"GET /health HTTP/1.1\" 200 77 \"-\" \"-\"","service":"acquisitions-api","timestamp":"2025-11-10T11:12:35.524Z"}
{"level":"info","message":"::1 - - [10/Nov/2025:11:13:05 +0000] \"GET /health HTTP/1.1\" 200 77 \"-\" \"-\"","service":"acquisitions-api","timestamp":"2025-11-10T11:13:05.910Z"}
{"level":"info","message":"::1 - - [10/Nov/2025:11:13:36 +0000] \"GET /health HTTP/1.1\" 200 77 \"-\" \"-\"","service":"acquisitions-api","timestamp":"2025-11-10T11:13:36.270Z"}
{"level":"info","message":"::1 - - [10/Nov/2025:11:14:06 +0000] \"GET /health HTTP/1.1\" 200 77 \"-\" \"-\"","service":"acquisitions-api","timestamp":"2025-11-10T11:14:06.695Z"}
{"level":"info","message":"::1 - - [10/Nov/2025:11:14:37 +0000] \"GET /health HTTP/1.1\" 200 77 \"-\" \"-\"","service":"acquisitions-api","timestamp":"2025-11-10T11:14:37.132Z"}
{"level":"info","message":"::1 - - [10/Nov/2025:11:15:07 +0000] \"GET /health HTTP/1.1\" 200 77 \"-\" \"-\"","service":"acquisitions-api","timestamp":"2025-11-10T11:15:07.550Z"}
{"level":"info","message":"::1 - - [10/Nov/2025:11:15:37 +0000] \"GET /health HTTP/1.1\" 200 77 \"-\" \"-\"","service":"acquisitions-api","timestamp":"2025-11-10T11:15:37.939Z"}
{"level":"info","message":"::1 - - [10/Nov/2025:11:16:08 +0000] \"GET /health HTTP/1.1\" 200 77 \"-\" \"-\"","service":"acquisitions-api","timestamp":"2025-11-10T11:16:08.333Z"}
{"level":"info","message":"::1 - - [10/Nov/2025:11:16:38 +0000] \"GET /health HTTP/1.1\" 200 77 \"-\" \"-\"","service":"acquisitions-api","timestamp":"2025-11-10T11:16:38.740Z"}
{"level":"info","message":"::1 - - [10/Nov/2025:11:17:09 +0000] \"GET /health HTTP/1.1\" 200 77 \"-\" \"-\"","service":"acquisitions-api","timestamp":"2025-11-10T11:17:09.158Z"}
{"level":"info","message":"::1 - - [10/Nov/2025:11:17:39 +0000] \"GET /health HTTP/1.1\" 200 77 \"-\" \"-\"","service":"acquisitions-api","timestamp":"2025-11-10T11:17:39.535Z"}
{"level":"info","message":"::1 - - [10/Nov/2025:11:18:09 +0000] \"GET /health HTTP/1.1\" 200 77 \"-\" \"-\"","service":"acquisitions-api","timestamp":"2025-11-10T11:18:09.952Z"}
{"level":"info","message":"::1 - - [10/Nov/2025:11:18:40 +0000] \"GET /health HTTP/1.1\" 200 77 \"-\" \"-\"","service":"acquisitions-api","timestamp":"2025-11-10T11:18:40.384Z"}
{"level":"info","message":"::1 - - [10/Nov/2025:11:19:10 +0000] \"GET /health HTTP/1.1\" 200 76 \"-\" \"-\"","service":"acquisitions-api","timestamp":"2025-11-10T11:19:10.815Z"}
{"level":"info","message":"::1 - - [10/Nov/2025:11:19:41 +0000] \"GET /health HTTP/1.1\" 200 77 \"-\" \"-\"","service":"acquisitions-api","timestamp":"2025-11-10T11:19:41.169Z"}
{"level":"info","message":"::1 - - [10/Nov/2025:11:20:11 +0000] \"GET /health HTTP/1.1\" 200 78 \"-\" \"-\"","service":"acquisitions-api","timestamp":"2025-11-10T11:20:11.619Z"}
{"level":"info","message":"::1 - - [10/Nov/2025:11:20:42 +0000] \"GET /health HTTP/1.1\" 200 78 \"-\" \"-\"","service":"acquisitions-api","timestamp":"2025-11-10T11:20:42.482Z"}
{"level":"info","message":"::1 - - [10/Nov/2025:11:21:12 +0000] \"GET /health HTTP/1.1\" 200 78 \"-\" \"-\"","service":"acquisitions-api","timestamp":"2025-11-10T11:21:12.929Z"}
{"level":"info","message":"::1 - - [10/Nov/2025:11:21:43 +0000] \"GET /health HTTP/1.1\" 200 78 \"-\" \"-\"","service":"acquisitions-api","timestamp":"2025-11-10T11:21:43.389Z"}
{"level":"info","message":"::1 - - [10/Nov/2025:11:22:13 +0000] \"GET /health HTTP/1.1\" 200 78 \"-\" \"-\"","service":"acquisitions-api","timestamp":"2025-11-10T11:22:13.797Z"}
{"level":"info","message":"::1 - - [10/Nov/2025:11:22:44 +0000] \"GET /health HTTP/1.1\" 200 78 \"-\" \"-\"","service":"acquisitions-api","timestamp":"2025-11-10T11:22:44.540Z"}
{"level":"info","message":"::1 - - [10/Nov/2025:11:23:14 +0000] \"GET /health HTTP/1.1\" 200 78 \"-\" \"-\"","service":"acquisitions-api","timestamp":"2025-11-10T11:23:14.922Z"}
{"level":"info","message":"::1 - - [10/Nov/2025:11:23:45 +0000] \"GET /health HTTP/1.1\" 200 77 \"-\" \"-\"","service":"acquisitions-api","timestamp":"2025-11-10T11:23:45.302Z"}
{"level":"info","message":"::1 - - [10/Nov/2025:11:24:15 +0000] \"GET /health HTTP/1.1\" 200 78 \"-\" \"-\"","service":"acquisitions-api","timestamp":"2025-11-10T11:24:15.675Z"}
{"level":"info","message":"::1 - - [10/Nov/2025:11:24:46 +0000] \"GET /health HTTP/1.1\" 200 78 \"-\" \"-\"","service":"acquisitions-api","timestamp":"2025-11-10T11:24:46.097Z"}
{"level":"info","message":"::1 - - [10/Nov/2025:11:25:16 +0000] \"GET /health HTTP/1.1\" 200 78 \"-\" \"-\"","service":"acquisitions-api","timestamp":"2025-11-10T11:25:16.464Z"}
{"level":"info","message":"::1 - - [10/Nov/2025:11:25:46 +0000] \"GET /health HTTP/1.1\" 200 78 \"-\" \"-\"","service":"acquisitions-api","timestamp":"2025-11-10T11:25:46.819Z"}
{"level":"info","message":"::1 - - [10/Nov/2025:11:26:17 +0000] \"GET /health HTTP/1.1\" 200 78 \"-\" \"-\"","service":"acquisitions-api","timestamp":"2025-11-10T11:26:17.213Z"}
{"level":"info","message":"::1 - - [10/Nov/2025:11:26:47 +0000] \"GET /health HTTP/1.1\" 200 78 \"-\" \"-\"","service":"acquisitions-api","timestamp":"2025-11-10T11:26:47.555Z"}
{"level":"info","message":"::1 - - [10/Nov/2025:11:27:18 +0000] \"GET /health HTTP/1.1\" 200 78 \"-\" \"-\"","service":"acquisitions-api","timestamp":"2025-11-10T11:27:18.003Z"}
{"level":"info","message":"::1 - - [10/Nov/2025:11:27:48 +0000] \"GET /health HTTP/1.1\" 200 78 \"-\" \"-\"","service":"acquisitions-api","timestamp":"2025-11-10T11:27:48.498Z"}
{"level":"info","message":"::1 - - [10/Nov/2025:11:28:18 +0000] \"GET /health HTTP/1.1\" 200 78 \"-\" \"-\"","service":"acquisitions-api","timestamp":"2025-11-10T11:28:18.906Z"}
{"level":"info","message":"::1 - - [10/Nov/2025:11:28:49 +0000] \"GET /health HTTP/1.1\" 200 78 \"-\" \"-\"","service":"acquisitions-api","timestamp":"2025-11-10T11:28:49.316Z"}
{"level":"info","message":"::1 - - [10/Nov/2025:11:29:19 +0000] \"GET /health HTTP/1.1\" 200 78 \"-\" \"-\"","service":"acquisitions-api","timestamp":"2025-11-10T11:29:19.754Z"}
{"level":"info","message":"::1 - - [10/Nov/2025:11:29:50 +0000] \"GET /health HTTP/1.1\" 200 78 \"-\" \"-\"","service":"acquisitions-api","timestamp":"2025-11-10T11:29:50.248Z"}
{"level":"info","message":"::1 - - [10/Nov/2025:11:30:20 +0000] \"GET /health HTTP/1.1\" 200 78 \"-\" \"-\"","service":"acquisitions-api","timestamp":"2025-11-10T11:30:20.628Z"}
{"level":"info","message":"::1 - - [10/Nov/2025:11:30:51 +0000] \"GET /health HTTP/1.1\" 200 78 \"-\" \"-\"","service":"acquisitions-api","timestamp":"2025-11-10T11:30:51.112Z"}
{"level":"info","message":"::1 - - [10/Nov/2025:11:31:21 +0000] \"GET /health HTTP/1.1\" 200 77 \"-\" \"-\"","service":"acquisitions-api","timestamp":"2025-11-10T11:31:21.530Z"}
{"level":"info","message":"::1 - - [10/Nov/2025:11:31:52 +0000] \"GET /health HTTP/1.1\" 200 78 \"-\" \"-\"","service":"acquisitions-api","timestamp":"2025-11-10T11:31:52.053Z"}
{"level":"info","message":"::1 - - [10/Nov/2025:11:32:22 +0000] \"GET /health HTTP/1.1\" 200 78 \"-\" \"-\"","service":"acquisitions-api","timestamp":"2025-11-10T11:32:22.407Z"}
{"level":"info","message":"::1 - - [10/Nov/2025:11:32:52 +0000] \"GET /health HTTP/1.1\" 200 78 \"-\" \"-\"","service":"acquisitions-api","timestamp":"2025-11-10T11:32:52.873Z"}
{"level":"info","message":"::1 - - [10/Nov/2025:11:33:23 +0000] \"GET /health HTTP/1.1\" 200 78 \"-\" \"-\"","service":"acquisitions-api","timestamp":"2025-11-10T11:33:23.359Z"}
{"level":"info","message":"::1 - - [10/Nov/2025:11:33:53 +0000] \"GET /health HTTP/1.1\" 200 78 \"-\" \"-\"","service":"acquisitions-api","timestamp":"2025-11-10T11:33:53.787Z"}
{"level":"info","message":"::1 - - [10/Nov/2025:11:34:24 +0000] \"GET /health HTTP/1.1\" 200 78 \"-\" \"-\"","service":"acquisitions-api","timestamp":"2025-11-10T11:34:24.348Z"}
{"level":"info","message":"::1 - - [10/Nov/2025:11:34:54 +0000] \"GET /health HTTP/1.1\" 200 78 \"-\" \"-\"","service":"acquisitions-api","timestamp":"2025-11-10T11:34:54.818Z"}
{"level":"info","message":"::1 - - [10/Nov/2025:11:35:25 +0000] \"GET /health HTTP/1.1\" 200 78 \"-\" \"-\"","service":"acquisitions-api","timestamp":"2025-11-10T11:35:25.218Z"}
{"level":"info","message":"::1 - - [10/Nov/2025:11:35:55 +0000] \"GET /health HTTP/1.1\" 200 78 \"-\" \"-\"","service":"acquisitions-api","timestamp":"2025-11-10T11:35:55.693Z"}
{"level":"info","message":"::1 - - [10/Nov/2025:11:36:26 +0000] \"GET /health HTTP/1.1\" 200 78 \"-\" \"-\"","service":"acquisitions-api","timestamp":"2025-11-10T11:36:26.102Z"}
{"level":"info","message":"::1 - - [10/Nov/2025:11:36:56 +0000] \"GET /health HTTP/1.1\" 200 78 \"-\" \"-\"","service":"acquisitions-api","timestamp":"2025-11-10T11:36:56.514Z"}
{"level":"info","message":"::1 - - [10/Nov/2025:11:37:26 +0000] \"GET /health HTTP/1.1\" 200 77 \"-\" \"-\"","service":"acquisitions-api","timestamp":"2025-11-10T11:37:26.918Z"}
{"level":"info","message":"::1 - - [10/Nov/2025:11:37:57 +0000] \"GET /health HTTP/1.1\" 200 78 \"-\" \"-\"","service":"acquisitions-api","timestamp":"2025-11-10T11:37:57.324Z"}
{"level":"info","message":"::1 - - [10/Nov/2025:11:38:27 +0000] \"GET /health HTTP/1.1\" 200 78 \"-\" \"-\"","service":"acquisitions-api","timestamp":"2025-11-10T11:38:27.768Z"}
{"level":"info","message":"::1 - - [10/Nov/2025:11:38:58 +0000] \"GET /health HTTP/1.1\" 200 78 \"-\" \"-\"","service":"acquisitions-api","timestamp":"2025-11-10T11:38:58.197Z"}
{"level":"info","message":"::1 - - [10/Nov/2025:11:39:28 +0000] \"GET /health HTTP/1.1\" 200 78 \"-\" \"-\"","service":"acquisitions-api","timestamp":"2025-11-10T11:39:28.577Z"}
{"level":"info","message":"::1 - - [10/Nov/2025:11:39:59 +0000] \"GET /health HTTP/1.1\" 200 78 \"-\" \"-\"","service":"acquisitions-api","timestamp":"2025-11-10T11:39:59.065Z"}
{"level":"info","message":"::1 - - [10/Nov/2025:11:40:29 +0000] \"GET /health HTTP/1.1\" 200 78 \"-\" \"-\"","service":"acquisitions-api","timestamp":"2025-11-10T11:40:29.528Z"}
{"level":"info","message":"::1 - - [10/Nov/2025:11:40:59 +0000] \"GET /health HTTP/1.1\" 200 78 \"-\" \"-\"","service":"acquisitions-api","timestamp":"2025-11-10T11:40:59.928Z"}
{"level":"info","message":"::1 - - [10/Nov/2025:11:41:30 +0000] \"GET /health HTTP/1.1\" 200 78 \"-\" \"-\"","service":"acquisitions-api","timestamp":"2025-11-10T11:41:30.363Z"}
{"level":"info","message":"::1 - - [10/Nov/2025:11:42:00 +0000] \"GET /health HTTP/1.1\" 200 78 \"-\" \"-\"","service":"acquisitions-api","timestamp":"2025-11-10T11:42:00.769Z"}
{"level":"info","message":"::ffff:127.0.0.1 - - [10/Nov/2025:11:46:40 +0000] \"GET /health HTTP/1.1\" 200 73 \"-\" \"-\"","service":"acquisitions-api","timestamp":"2025-11-10T11:46:40.650Z"}
{"level":"info","message":"::ffff:127.0.0.1 - - [10/Nov/2025:11:46:40 +0000] \"GET /api HTTP/1.1\" 200 27 \"-\" \"-\"","service":"acquisitions-api","timestamp":"2025-11-10T11:46:40.700Z"}
{"level":"info","message":"::ffff:127.0.0.1 - - [10/Nov/2025:11:46:40 +0000] \"GET /non-existent HTTP/1.1\" 404 29 \"-\" \"-\"","service":"acquisitions-api","timestamp":"2025-11-10T11:46:40.741Z"}
{"level":"info","message":"::ffff:127.0.0.1 - - [10/Nov/2025:12:25:07 +0000] \"GET /health HTTP/1.1\" 200 72 \"-\" \"-\"","service":"acquisitions-api","timestamp":"2025-11-10T12:25:07.089Z"}
{"level":"info","message":"::ffff:127.0.0.1 - - [10/Nov/2025:12:25:07 +0000] \"GET /api HTTP/1.1\" 200 41 \"-\" \"-\"","service":"acquisitions-api","timestamp":"2025-11-10T12:25:07.141Z"}
{"level":"info","message":"::ffff:127.0.0.1 - - [10/Nov/2025:12:25:07 +0000] \"GET /non-existent HTTP/1.1\" 404 21 \"-\" \"-\"","service":"acquisitions-api","timestamp":"2025-11-10T12:25:07.183Z"}
